<?xml version="1.0" encoding="UTF-8"?>
<!-- Generated by org.testng.reporters.JUnitXMLReporter -->
<testsuite hostname="Hassan-PC" ignored="1" name="Default test" tests="1" failures="0" timestamp="11 Feb 2019 13:00:25 GMT" time="5.216" errors="0">
  <testcase name="new_account_creation" time="5.182" classname="com.qa.test.User_Registration"/>
  <testcase name="Account_Already_Exist" time="0.0" classname="com.qa.test.User_Registration">
    <ignored/>
  </testcase> <!-- Account_Already_Exist -->
</testsuite> <!-- Default test -->
