<?xml version="1.0" encoding="UTF-8"?>
<testng-results skipped="0" failed="0" ignored="0" total="3" passed="3">
  <reporter-output>
  </reporter-output>
  <suite name="Default suite" duration-ms="3720" started-at="2019-01-31T16:41:00Z" finished-at="2019-01-31T16:41:04Z">
    <groups>
    </groups>
    <test name="Default test" duration-ms="3720" started-at="2019-01-31T16:41:00Z" finished-at="2019-01-31T16:41:04Z">
      <class name="com.qa.test.Users_Login">
        <test-method status="PASS" signature="valid_credentials()[pri:1, instance:com.qa.test.Users_Login@cc285f4]" name="valid_credentials" duration-ms="1756" started-at="2019-01-31T16:41:00Z" finished-at="2019-01-31T16:41:02Z">
          <reporter-output>
          </reporter-output>
        </test-method> <!-- valid_credentials -->
        <test-method status="PASS" signature="Invalid_Password()[pri:2, instance:com.qa.test.Users_Login@cc285f4]" name="Invalid_Password" duration-ms="1028" started-at="2019-01-31T16:41:02Z" finished-at="2019-01-31T16:41:03Z">
          <reporter-output>
          </reporter-output>
        </test-method> <!-- Invalid_Password -->
        <test-method status="PASS" signature="Invalid_Email()[pri:3, instance:com.qa.test.Users_Login@cc285f4]" name="Invalid_Email" duration-ms="906" started-at="2019-01-31T16:41:03Z" finished-at="2019-01-31T16:41:04Z">
          <reporter-output>
          </reporter-output>
        </test-method> <!-- Invalid_Email -->
      </class> <!-- com.qa.test.Users_Login -->
    </test> <!-- Default test -->
  </suite> <!-- Default suite -->
</testng-results>
