<?xml version="1.0" encoding="UTF-8"?>
<testng-results skipped="0" failed="0" ignored="0" total="2" passed="2">
  <reporter-output>
  </reporter-output>
  <suite name="Default suite" duration-ms="2244" started-at="2018-12-18T12:12:23Z" finished-at="2018-12-18T12:12:26Z">
    <groups>
    </groups>
    <test name="Default test" duration-ms="2244" started-at="2018-12-18T12:12:23Z" finished-at="2018-12-18T12:12:26Z">
      <class name="com.qa.test.GetAPITest">
        <test-method status="PASS" signature="setup()[pri:0, instance:com.qa.test.GetAPITest@2a2d45ba]" name="setup" is-config="true" duration-ms="5" started-at="2018-12-18T12:12:23Z" finished-at="2018-12-18T12:12:23Z">
          <reporter-output>
          </reporter-output>
        </test-method> <!-- setup -->
        <test-method status="PASS" signature="getAPITestWithoutHeaders()[pri:1, instance:com.qa.test.GetAPITest@2a2d45ba]" name="getAPITestWithoutHeaders" duration-ms="1413" started-at="2018-12-18T12:12:23Z" finished-at="2018-12-18T12:12:25Z">
          <reporter-output>
          </reporter-output>
        </test-method> <!-- getAPITestWithoutHeaders -->
        <test-method status="PASS" signature="setup()[pri:0, instance:com.qa.test.GetAPITest@2a2d45ba]" name="setup" is-config="true" duration-ms="1" started-at="2018-12-18T12:12:25Z" finished-at="2018-12-18T12:12:25Z">
          <reporter-output>
          </reporter-output>
        </test-method> <!-- setup -->
        <test-method status="PASS" signature="getAPITestWithHeaders()[pri:2, instance:com.qa.test.GetAPITest@2a2d45ba]" name="getAPITestWithHeaders" duration-ms="790" started-at="2018-12-18T12:12:25Z" finished-at="2018-12-18T12:12:26Z">
          <reporter-output>
          </reporter-output>
        </test-method> <!-- getAPITestWithHeaders -->
      </class> <!-- com.qa.test.GetAPITest -->
    </test> <!-- Default test -->
  </suite> <!-- Default suite -->
</testng-results>
